
> Configure project :
Inferred project: micrometer, version: 1.6.0-SNAPSHOT
I'm configuring micrometer with version 1.6.0-SNAPSHOT

> Configure project :micrometer-benchmarks-core
I'm configuring micrometer-benchmarks-core with version 1.6.0-SNAPSHOT

> Configure project :micrometer-bom
I'm configuring micrometer-bom with version 1.6.0-SNAPSHOT


> Configure project :micrometer-core
I'm configuring micrometer-core with version 1.6.0-SNAPSHOT


> Configure project :micrometer-jersey2
I'm configuring micrometer-jersey2 with version 1.6.0-SNAPSHOT


> Configure project :micrometer-registry-appoptics
I'm configuring micrometer-registry-appoptics with version 1.6.0-SNAPSHOT


> Configure project :micrometer-registry-atlas
I'm configuring micrometer-registry-atlas with version 1.6.0-SNAPSHOT


> Configure project :micrometer-registry-azure-monitor
I'm configuring micrometer-registry-azure-monitor with version 1.6.0-SNAPSHOT


> Configure project :micrometer-registry-cloudwatch
I'm configuring micrometer-registry-cloudwatch with version 1.6.0-SNAPSHOT


> Configure project :micrometer-registry-cloudwatch2
I'm configuring micrometer-registry-cloudwatch2 with version 1.6.0-SNAPSHOT


> Configure project :micrometer-registry-datadog
I'm configuring micrometer-registry-datadog with version 1.6.0-SNAPSHOT


> Configure project :micrometer-registry-dynatrace
I'm configuring micrometer-registry-dynatrace with version 1.6.0-SNAPSHOT


> Configure project :micrometer-registry-elastic
I'm configuring micrometer-registry-elastic with version 1.6.0-SNAPSHOT


> Configure project :micrometer-registry-ganglia
I'm configuring micrometer-registry-ganglia with version 1.6.0-SNAPSHOT


> Configure project :micrometer-registry-graphite
I'm configuring micrometer-registry-graphite with version 1.6.0-SNAPSHOT


> Configure project :micrometer-registry-health
I'm configuring micrometer-registry-health with version 1.6.0-SNAPSHOT


> Configure project :micrometer-registry-humio
I'm configuring micrometer-registry-humio with version 1.6.0-SNAPSHOT


> Configure project :micrometer-registry-influx
I'm configuring micrometer-registry-influx with version 1.6.0-SNAPSHOT


> Configure project :micrometer-registry-jmx
I'm configuring micrometer-registry-jmx with version 1.6.0-SNAPSHOT


> Configure project :micrometer-registry-kairos
I'm configuring micrometer-registry-kairos with version 1.6.0-SNAPSHOT


> Configure project :micrometer-registry-new-relic
I'm configuring micrometer-registry-new-relic with version 1.6.0-SNAPSHOT


> Configure project :micrometer-registry-opentsdb
I'm configuring micrometer-registry-opentsdb with version 1.6.0-SNAPSHOT


> Configure project :micrometer-registry-prometheus
I'm configuring micrometer-registry-prometheus with version 1.6.0-SNAPSHOT


> Configure project :micrometer-registry-signalfx
I'm configuring micrometer-registry-signalfx with version 1.6.0-SNAPSHOT


> Configure project :micrometer-registry-stackdriver
I'm configuring micrometer-registry-stackdriver with version 1.6.0-SNAPSHOT


> Configure project :micrometer-registry-statsd
I'm configuring micrometer-registry-statsd with version 1.6.0-SNAPSHOT


> Configure project :micrometer-registry-wavefront
I'm configuring micrometer-registry-wavefront with version 1.6.0-SNAPSHOT


> Configure project :micrometer-samples-boot2
I'm configuring micrometer-samples-boot2 with version 1.6.0-SNAPSHOT

> Configure project :micrometer-samples-boot2-reactive
I'm configuring micrometer-samples-boot2-reactive with version 1.6.0-SNAPSHOT

> Configure project :micrometer-samples-core
I'm configuring micrometer-samples-core with version 1.6.0-SNAPSHOT

> Configure project :micrometer-samples-hazelcast
I'm configuring micrometer-samples-hazelcast with version 1.6.0-SNAPSHOT

> Configure project :micrometer-samples-hazelcast3
I'm configuring micrometer-samples-hazelcast3 with version 1.6.0-SNAPSHOT

> Configure project :micrometer-samples-javalin
I'm configuring micrometer-samples-javalin with version 1.6.0-SNAPSHOT

> Configure project :micrometer-samples-spring-integration
I'm configuring micrometer-samples-spring-integration with version 1.6.0-SNAPSHOT

> Configure project :micrometer-test
I'm configuring micrometer-test with version 1.6.0-SNAPSHOT


> Task :micrometer-benchmarks-core:compileJava NO-SOURCE
> Task :micrometer-benchmarks-core:processResources NO-SOURCE
> Task :micrometer-benchmarks-core:classes UP-TO-DATE
> Task :micrometer-benchmarks-core:jar UP-TO-DATE
> Task :micrometer-benchmarks-core:assemble UP-TO-DATE
> Task :micrometer-benchmarks-core:compileTestJava NO-SOURCE
> Task :micrometer-benchmarks-core:processTestResources NO-SOURCE
> Task :micrometer-benchmarks-core:testClasses UP-TO-DATE
> Task :micrometer-core:compileJava UP-TO-DATE
> Task :micrometer-registry-prometheus:compileJava UP-TO-DATE
> Task :micrometer-registry-appoptics:compileJava UP-TO-DATE
> Task :micrometer-registry-atlas:compileJava UP-TO-DATE
> Task :micrometer-registry-azure-monitor:compileJava UP-TO-DATE
> Task :micrometer-registry-cloudwatch:compileJava UP-TO-DATE
> Task :micrometer-registry-cloudwatch2:compileJava UP-TO-DATE
> Task :micrometer-registry-datadog:compileJava UP-TO-DATE
> Task :micrometer-registry-dynatrace:compileJava UP-TO-DATE
> Task :micrometer-registry-elastic:compileJava UP-TO-DATE
> Task :micrometer-registry-ganglia:compileJava UP-TO-DATE
> Task :micrometer-registry-graphite:compileJava UP-TO-DATE
> Task :micrometer-registry-humio:compileJava UP-TO-DATE
> Task :micrometer-registry-influx:compileJava UP-TO-DATE
> Task :micrometer-registry-jmx:compileJava UP-TO-DATE
> Task :micrometer-registry-kairos:compileJava UP-TO-DATE
> Task :micrometer-registry-new-relic:compileJava UP-TO-DATE
> Task :micrometer-registry-signalfx:compileJava UP-TO-DATE
> Task :micrometer-registry-stackdriver:compileJava UP-TO-DATE
> Task :micrometer-registry-statsd:compileJava UP-TO-DATE
> Task :micrometer-registry-wavefront:compileJava UP-TO-DATE
> Task :micrometer-samples-core:compileJava UP-TO-DATE
> Task :micrometer-samples-core:processResources UP-TO-DATE
> Task :micrometer-samples-core:classes UP-TO-DATE
> Task :micrometer-samples-core:jar UP-TO-DATE
> Task :micrometer-benchmarks-core:compileJmhJava UP-TO-DATE
> Task :micrometer-benchmarks-core:processJmhResources NO-SOURCE
> Task :micrometer-benchmarks-core:jmhClasses UP-TO-DATE
> Task :micrometer-benchmarks-core:checkstyleJmh UP-TO-DATE
> Task :micrometer-benchmarks-core:checkstyleMain NO-SOURCE
> Task :micrometer-benchmarks-core:checkstyleNohttp UP-TO-DATE
> Task :micrometer-benchmarks-core:checkstyleTest NO-SOURCE
> Task :micrometer-benchmarks-core:prepareLicenseHeader
> Task :micrometer-benchmarks-core:licenseJmh UP-TO-DATE
> Task :micrometer-benchmarks-core:licenseMain NO-SOURCE
> Task :micrometer-benchmarks-core:licenseTest NO-SOURCE
> Task :micrometer-benchmarks-core:license UP-TO-DATE
> Task :micrometer-benchmarks-core:test NO-SOURCE
> Task :micrometer-benchmarks-core:check UP-TO-DATE
> Task :micrometer-benchmarks-core:build UP-TO-DATE
> Task :micrometer-bom:assemble UP-TO-DATE
> Task :micrometer-bom:check UP-TO-DATE
> Task :micrometer-bom:build UP-TO-DATE
> Task :micrometer-core:processResources NO-SOURCE
> Task :micrometer-core:classes UP-TO-DATE
> Task :micrometer-core:writeManifestProperties UP-TO-DATE
> Task :micrometer-core:jar UP-TO-DATE
> Task :micrometer-core:assemble UP-TO-DATE
> Task :micrometer-core:checkstyleMain UP-TO-DATE
> Task :micrometer-core:checkstyleNohttp UP-TO-DATE
> Task :micrometer-core:compileTestJava UP-TO-DATE
> Task :micrometer-core:processTestResources UP-TO-DATE
> Task :micrometer-core:testClasses UP-TO-DATE
> Task :micrometer-core:checkstyleTest UP-TO-DATE
> Task :micrometer-core:prepareLicenseHeader
> Task :micrometer-core:licenseMain UP-TO-DATE
> Task :micrometer-core:licenseTest UP-TO-DATE
> Task :micrometer-core:license UP-TO-DATE

> Task :micrometer-core:test

OkHttpMetricsEventListenerTest > cachedResponsesDoNotLeakMemory(WireMockServer, Path) FAILED
    java.io.IOException: Failed to delete temp directory C:\Users\Quixote\AppData\Local\Temp\junit3498282324720530788. The following paths could not be deleted (see suppressed exceptions for details): , journal
        at org.junit.jupiter.engine.extension.TempDirectory$CloseablePath.createIOExceptionWithAttachedFailures(TempDirectory.java:262)
        at org.junit.jupiter.engine.extension.TempDirectory$CloseablePath.close(TempDirectory.java:182)
        at org.junit.platform.engine.support.hierarchical.ThrowableCollector.execute(ThrowableCollector.java:73)
        at org.junit.jupiter.engine.execution.ExtensionValuesStore.closeAllStoredCloseableValues(ExtensionValuesStore.java:61)
        at org.junit.jupiter.engine.descriptor.AbstractExtensionContext.close(AbstractExtensionContext.java:73)
        at org.junit.jupiter.engine.execution.JupiterEngineExecutionContext.close(JupiterEngineExecutionContext.java:53)
        at org.junit.jupiter.engine.descriptor.JupiterTestDescriptor.cleanUp(JupiterTestDescriptor.java:222)
        at org.junit.jupiter.engine.descriptor.JupiterTestDescriptor.cleanUp(JupiterTestDescriptor.java:57)
        at org.junit.platform.engine.support.hierarchical.NodeTestTask.lambda$cleanUp$9(NodeTestTask.java:155)
        at org.junit.platform.engine.support.hierarchical.ThrowableCollector.execute(ThrowableCollector.java:73)
        at org.junit.platform.engine.support.hierarchical.NodeTestTask.cleanUp(NodeTestTask.java:155)
        at org.junit.platform.engine.support.hierarchical.NodeTestTask.execute(NodeTestTask.java:87)
        at java.base/java.util.ArrayList.forEach(ArrayList.java:1510)
        at org.junit.platform.engine.support.hierarchical.SameThreadHierarchicalTestExecutorService.invokeAll(SameThreadHierarchicalTestExecutorService.java:38)
        at org.junit.platform.engine.support.hierarchical.NodeTestTask.lambda$executeRecursively$5(NodeTestTask.java:143)
        at org.junit.platform.engine.support.hierarchical.ThrowableCollector.execute(ThrowableCollector.java:73)
        at org.junit.platform.engine.support.hierarchical.NodeTestTask.lambda$executeRecursively$7(NodeTestTask.java:129)
        at org.junit.platform.engine.support.hierarchical.Node.around(Node.java:137)
        at org.junit.platform.engine.support.hierarchical.NodeTestTask.lambda$executeRecursively$8(NodeTestTask.java:127)
        at org.junit.platform.engine.support.hierarchical.ThrowableCollector.execute(ThrowableCollector.java:73)
        at org.junit.platform.engine.support.hierarchical.NodeTestTask.executeRecursively(NodeTestTask.java:126)
        at org.junit.platform.engine.support.hierarchical.NodeTestTask.execute(NodeTestTask.java:84)
        at java.base/java.util.ArrayList.forEach(ArrayList.java:1510)
        at org.junit.platform.engine.support.hierarchical.SameThreadHierarchicalTestExecutorService.invokeAll(SameThreadHierarchicalTestExecutorService.java:38)
        at org.junit.platform.engine.support.hierarchical.NodeTestTask.lambda$executeRecursively$5(NodeTestTask.java:143)
        at org.junit.platform.engine.support.hierarchical.ThrowableCollector.execute(ThrowableCollector.java:73)
        at org.junit.platform.engine.support.hierarchical.NodeTestTask.lambda$executeRecursively$7(NodeTestTask.java:129)
        at org.junit.platform.engine.support.hierarchical.Node.around(Node.java:137)
        at org.junit.platform.engine.support.hierarchical.NodeTestTask.lambda$executeRecursively$8(NodeTestTask.java:127)
        at org.junit.platform.engine.support.hierarchical.ThrowableCollector.execute(ThrowableCollector.java:73)
        at org.junit.platform.engine.support.hierarchical.NodeTestTask.executeRecursively(NodeTestTask.java:126)
        at org.junit.platform.engine.support.hierarchical.NodeTestTask.execute(NodeTestTask.java:84)
        at org.junit.platform.engine.support.hierarchical.SameThreadHierarchicalTestExecutorService.submit(SameThreadHierarchicalTestExecutorService.java:32)
        at org.junit.platform.engine.support.hierarchical.HierarchicalTestExecutor.execute(HierarchicalTestExecutor.java:57)
        at org.junit.platform.engine.support.hierarchical.HierarchicalTestEngine.execute(HierarchicalTestEngine.java:51)
        at org.junit.platform.launcher.core.EngineExecutionOrchestrator.execute(EngineExecutionOrchestrator.java:107)
        at org.junit.platform.launcher.core.EngineExecutionOrchestrator.execute(EngineExecutionOrchestrator.java:87)
        at org.junit.platform.launcher.core.EngineExecutionOrchestrator.lambda$execute$0(EngineExecutionOrchestrator.java:53)
        at org.junit.platform.launcher.core.EngineExecutionOrchestrator.withInterceptedStreams(EngineExecutionOrchestrator.java:66)
        at org.junit.platform.launcher.core.EngineExecutionOrchestrator.execute(EngineExecutionOrchestrator.java:51)
        at org.junit.platform.launcher.core.DefaultLauncher.execute(DefaultLauncher.java:87)
        at org.junit.platform.launcher.core.DefaultLauncher.execute(DefaultLauncher.java:66)
        at org.gradle.api.internal.tasks.testing.junitplatform.JUnitPlatformTestClassProcessor$CollectAllTestClassesExecutor.processAllTestClasses(JUnitPlatformTestClassProcessor.java:99)
        at org.gradle.api.internal.tasks.testing.junitplatform.JUnitPlatformTestClassProcessor$CollectAllTestClassesExecutor.access$000(JUnitPlatformTestClassProcessor.java:79)
        at org.gradle.api.internal.tasks.testing.junitplatform.JUnitPlatformTestClassProcessor.stop(JUnitPlatformTestClassProcessor.java:75)
        at org.gradle.api.internal.tasks.testing.SuiteTestClassProcessor.stop(SuiteTestClassProcessor.java:61)
        at java.base/jdk.internal.reflect.NativeMethodAccessorImpl.invoke0(Native Method)
        at java.base/jdk.internal.reflect.NativeMethodAccessorImpl.invoke(NativeMethodAccessorImpl.java:62)
        at java.base/jdk.internal.reflect.DelegatingMethodAccessorImpl.invoke(DelegatingMethodAccessorImpl.java:43)
        at java.base/java.lang.reflect.Method.invoke(Method.java:564)
        at org.gradle.internal.dispatch.ReflectionDispatch.dispatch(ReflectionDispatch.java:36)
        at org.gradle.internal.dispatch.ReflectionDispatch.dispatch(ReflectionDispatch.java:24)
        at org.gradle.internal.dispatch.ContextClassLoaderDispatch.dispatch(ContextClassLoaderDispatch.java:33)
        at org.gradle.internal.dispatch.ProxyDispatchAdapter$DispatchingInvocationHandler.invoke(ProxyDispatchAdapter.java:94)
        at com.sun.proxy.$Proxy2.stop(Unknown Source)
        at org.gradle.api.internal.tasks.testing.worker.TestWorker.stop(TestWorker.java:133)
        at java.base/jdk.internal.reflect.NativeMethodAccessorImpl.invoke0(Native Method)
        at java.base/jdk.internal.reflect.NativeMethodAccessorImpl.invoke(NativeMethodAccessorImpl.java:62)
        at java.base/jdk.internal.reflect.DelegatingMethodAccessorImpl.invoke(DelegatingMethodAccessorImpl.java:43)
        at java.base/java.lang.reflect.Method.invoke(Method.java:564)
        at org.gradle.internal.dispatch.ReflectionDispatch.dispatch(ReflectionDispatch.java:36)
        at org.gradle.internal.dispatch.ReflectionDispatch.dispatch(ReflectionDispatch.java:24)
        at org.gradle.internal.remote.internal.hub.MessageHubBackedObjectConnection$DispatchWrapper.dispatch(MessageHubBackedObjectConnection.java:182)
        at org.gradle.internal.remote.internal.hub.MessageHubBackedObjectConnection$DispatchWrapper.dispatch(MessageHubBackedObjectConnection.java:164)
        at org.gradle.internal.remote.internal.hub.MessageHub$Handler.run(MessageHub.java:414)
        at org.gradle.internal.concurrent.ExecutorPolicy$CatchAndRecordFailures.onExecute(ExecutorPolicy.java:64)
        at org.gradle.internal.concurrent.ManagedExecutorImpl$1.run(ManagedExecutorImpl.java:48)
        at java.base/java.util.concurrent.ThreadPoolExecutor.runWorker(ThreadPoolExecutor.java:1130)
        at java.base/java.util.concurrent.ThreadPoolExecutor$Worker.run(ThreadPoolExecutor.java:630)
        at org.gradle.internal.concurrent.ThreadFactoryImpl$ManagedThreadRunnable.run(ThreadFactoryImpl.java:56)
        at java.base/java.lang.Thread.run(Thread.java:832)

OkHttpMetricsEventListenerTest > cachedResponsesDoNotLeakMemory(WireMockServer, Path) FAILED
    java.io.IOException: Failed to delete temp directory C:\Users\Quixote\AppData\Local\Temp\junit5862279182034559571. The following paths could not be deleted (see suppressed exceptions for details): , journal
        at org.junit.jupiter.engine.extension.TempDirectory$CloseablePath.createIOExceptionWithAttachedFailures(TempDirectory.java:262)
        at org.junit.jupiter.engine.extension.TempDirectory$CloseablePath.close(TempDirectory.java:182)
        at org.junit.platform.engine.support.hierarchical.ThrowableCollector.execute(ThrowableCollector.java:73)
        at org.junit.jupiter.engine.execution.ExtensionValuesStore.closeAllStoredCloseableValues(ExtensionValuesStore.java:61)
        at org.junit.jupiter.engine.descriptor.AbstractExtensionContext.close(AbstractExtensionContext.java:73)
        at org.junit.jupiter.engine.execution.JupiterEngineExecutionContext.close(JupiterEngineExecutionContext.java:53)
        at org.junit.jupiter.engine.descriptor.JupiterTestDescriptor.cleanUp(JupiterTestDescriptor.java:222)
        at org.junit.jupiter.engine.descriptor.JupiterTestDescriptor.cleanUp(JupiterTestDescriptor.java:57)
        at org.junit.platform.engine.support.hierarchical.NodeTestTask.lambda$cleanUp$9(NodeTestTask.java:155)
        at org.junit.platform.engine.support.hierarchical.ThrowableCollector.execute(ThrowableCollector.java:73)
        at org.junit.platform.engine.support.hierarchical.NodeTestTask.cleanUp(NodeTestTask.java:155)
        at org.junit.platform.engine.support.hierarchical.NodeTestTask.execute(NodeTestTask.java:87)
        at java.base/java.util.ArrayList.forEach(ArrayList.java:1510)
        at org.junit.platform.engine.support.hierarchical.SameThreadHierarchicalTestExecutorService.invokeAll(SameThreadHierarchicalTestExecutorService.java:38)
        at org.junit.platform.engine.support.hierarchical.NodeTestTask.lambda$executeRecursively$5(NodeTestTask.java:143)
        at org.junit.platform.engine.support.hierarchical.ThrowableCollector.execute(ThrowableCollector.java:73)
        at org.junit.platform.engine.support.hierarchical.NodeTestTask.lambda$executeRecursively$7(NodeTestTask.java:129)
        at org.junit.platform.engine.support.hierarchical.Node.around(Node.java:137)
        at org.junit.platform.engine.support.hierarchical.NodeTestTask.lambda$executeRecursively$8(NodeTestTask.java:127)
        at org.junit.platform.engine.support.hierarchical.ThrowableCollector.execute(ThrowableCollector.java:73)
        at org.junit.platform.engine.support.hierarchical.NodeTestTask.executeRecursively(NodeTestTask.java:126)
        at org.junit.platform.engine.support.hierarchical.NodeTestTask.execute(NodeTestTask.java:84)
        at java.base/java.util.ArrayList.forEach(ArrayList.java:1510)
        at org.junit.platform.engine.support.hierarchical.SameThreadHierarchicalTestExecutorService.invokeAll(SameThreadHierarchicalTestExecutorService.java:38)
        at org.junit.platform.engine.support.hierarchical.NodeTestTask.lambda$executeRecursively$5(NodeTestTask.java:143)
        at org.junit.platform.engine.support.hierarchical.ThrowableCollector.execute(ThrowableCollector.java:73)
        at org.junit.platform.engine.support.hierarchical.NodeTestTask.lambda$executeRecursively$7(NodeTestTask.java:129)
        at org.junit.platform.engine.support.hierarchical.Node.around(Node.java:137)
        at org.junit.platform.engine.support.hierarchical.NodeTestTask.lambda$executeRecursively$8(NodeTestTask.java:127)
        at org.junit.platform.engine.support.hierarchical.ThrowableCollector.execute(ThrowableCollector.java:73)
        at org.junit.platform.engine.support.hierarchical.NodeTestTask.executeRecursively(NodeTestTask.java:126)
        at org.junit.platform.engine.support.hierarchical.NodeTestTask.execute(NodeTestTask.java:84)
        at org.junit.platform.engine.support.hierarchical.SameThreadHierarchicalTestExecutorService.submit(SameThreadHierarchicalTestExecutorService.java:32)
        at org.junit.platform.engine.support.hierarchical.HierarchicalTestExecutor.execute(HierarchicalTestExecutor.java:57)
        at org.junit.platform.engine.support.hierarchical.HierarchicalTestEngine.execute(HierarchicalTestEngine.java:51)
        at org.junit.platform.launcher.core.EngineExecutionOrchestrator.execute(EngineExecutionOrchestrator.java:107)
        at org.junit.platform.launcher.core.EngineExecutionOrchestrator.execute(EngineExecutionOrchestrator.java:87)
        at org.junit.platform.launcher.core.EngineExecutionOrchestrator.lambda$execute$0(EngineExecutionOrchestrator.java:53)
        at org.junit.platform.launcher.core.EngineExecutionOrchestrator.withInterceptedStreams(EngineExecutionOrchestrator.java:66)
        at org.junit.platform.launcher.core.EngineExecutionOrchestrator.execute(EngineExecutionOrchestrator.java:51)
        at org.junit.platform.launcher.core.DefaultLauncher.execute(DefaultLauncher.java:87)
        at org.junit.platform.launcher.core.DefaultLauncher.execute(DefaultLauncher.java:66)
        at org.gradle.api.internal.tasks.testing.junitplatform.JUnitPlatformTestClassProcessor$CollectAllTestClassesExecutor.processAllTestClasses(JUnitPlatformTestClassProcessor.java:99)
        at org.gradle.api.internal.tasks.testing.junitplatform.JUnitPlatformTestClassProcessor$CollectAllTestClassesExecutor.access$000(JUnitPlatformTestClassProcessor.java:79)
        at org.gradle.api.internal.tasks.testing.junitplatform.JUnitPlatformTestClassProcessor.stop(JUnitPlatformTestClassProcessor.java:75)
        at org.gradle.api.internal.tasks.testing.SuiteTestClassProcessor.stop(SuiteTestClassProcessor.java:61)
        at java.base/jdk.internal.reflect.NativeMethodAccessorImpl.invoke0(Native Method)
        at java.base/jdk.internal.reflect.NativeMethodAccessorImpl.invoke(NativeMethodAccessorImpl.java:62)
        at java.base/jdk.internal.reflect.DelegatingMethodAccessorImpl.invoke(DelegatingMethodAccessorImpl.java:43)
        at java.base/java.lang.reflect.Method.invoke(Method.java:564)
        at org.gradle.internal.dispatch.ReflectionDispatch.dispatch(ReflectionDispatch.java:36)
        at org.gradle.internal.dispatch.ReflectionDispatch.dispatch(ReflectionDispatch.java:24)
        at org.gradle.internal.dispatch.ContextClassLoaderDispatch.dispatch(ContextClassLoaderDispatch.java:33)
        at org.gradle.internal.dispatch.ProxyDispatchAdapter$DispatchingInvocationHandler.invoke(ProxyDispatchAdapter.java:94)
        at com.sun.proxy.$Proxy2.stop(Unknown Source)
        at org.gradle.api.internal.tasks.testing.worker.TestWorker.stop(TestWorker.java:133)
        at java.base/jdk.internal.reflect.NativeMethodAccessorImpl.invoke0(Native Method)
        at java.base/jdk.internal.reflect.NativeMethodAccessorImpl.invoke(NativeMethodAccessorImpl.java:62)
        at java.base/jdk.internal.reflect.DelegatingMethodAccessorImpl.invoke(DelegatingMethodAccessorImpl.java:43)
        at java.base/java.lang.reflect.Method.invoke(Method.java:564)
        at org.gradle.internal.dispatch.ReflectionDispatch.dispatch(ReflectionDispatch.java:36)
        at org.gradle.internal.dispatch.ReflectionDispatch.dispatch(ReflectionDispatch.java:24)
        at org.gradle.internal.remote.internal.hub.MessageHubBackedObjectConnection$DispatchWrapper.dispatch(MessageHubBackedObjectConnection.java:182)
        at org.gradle.internal.remote.internal.hub.MessageHubBackedObjectConnection$DispatchWrapper.dispatch(MessageHubBackedObjectConnection.java:164)
        at org.gradle.internal.remote.internal.hub.MessageHub$Handler.run(MessageHub.java:414)
        at org.gradle.internal.concurrent.ExecutorPolicy$CatchAndRecordFailures.onExecute(ExecutorPolicy.java:64)
        at org.gradle.internal.concurrent.ManagedExecutorImpl$1.run(ManagedExecutorImpl.java:48)
        at java.base/java.util.concurrent.ThreadPoolExecutor.runWorker(ThreadPoolExecutor.java:1130)
        at java.base/java.util.concurrent.ThreadPoolExecutor$Worker.run(ThreadPoolExecutor.java:630)
        at org.gradle.internal.concurrent.ThreadFactoryImpl$ManagedThreadRunnable.run(ThreadFactoryImpl.java:56)
        at java.base/java.lang.Thread.run(Thread.java:832)

OkHttpMetricsEventListenerTest > cachedResponsesDoNotLeakMemory(WireMockServer, Path) FAILED
    java.io.IOException: Failed to delete temp directory C:\Users\Quixote\AppData\Local\Temp\junit12612977513330044889. The following paths could not be deleted (see suppressed exceptions for details): , journal
        at org.junit.jupiter.engine.extension.TempDirectory$CloseablePath.createIOExceptionWithAttachedFailures(TempDirectory.java:262)
        at org.junit.jupiter.engine.extension.TempDirectory$CloseablePath.close(TempDirectory.java:182)
        at org.junit.platform.engine.support.hierarchical.ThrowableCollector.execute(ThrowableCollector.java:73)
        at org.junit.jupiter.engine.execution.ExtensionValuesStore.closeAllStoredCloseableValues(ExtensionValuesStore.java:61)
        at org.junit.jupiter.engine.descriptor.AbstractExtensionContext.close(AbstractExtensionContext.java:73)
        at org.junit.jupiter.engine.execution.JupiterEngineExecutionContext.close(JupiterEngineExecutionContext.java:53)
        at org.junit.jupiter.engine.descriptor.JupiterTestDescriptor.cleanUp(JupiterTestDescriptor.java:222)
        at org.junit.jupiter.engine.descriptor.JupiterTestDescriptor.cleanUp(JupiterTestDescriptor.java:57)
        at org.junit.platform.engine.support.hierarchical.NodeTestTask.lambda$cleanUp$9(NodeTestTask.java:155)
        at org.junit.platform.engine.support.hierarchical.ThrowableCollector.execute(ThrowableCollector.java:73)
        at org.junit.platform.engine.support.hierarchical.NodeTestTask.cleanUp(NodeTestTask.java:155)
        at org.junit.platform.engine.support.hierarchical.NodeTestTask.execute(NodeTestTask.java:87)
        at java.base/java.util.ArrayList.forEach(ArrayList.java:1510)
        at org.junit.platform.engine.support.hierarchical.SameThreadHierarchicalTestExecutorService.invokeAll(SameThreadHierarchicalTestExecutorService.java:38)
        at org.junit.platform.engine.support.hierarchical.NodeTestTask.lambda$executeRecursively$5(NodeTestTask.java:143)
        at org.junit.platform.engine.support.hierarchical.ThrowableCollector.execute(ThrowableCollector.java:73)
        at org.junit.platform.engine.support.hierarchical.NodeTestTask.lambda$executeRecursively$7(NodeTestTask.java:129)
        at org.junit.platform.engine.support.hierarchical.Node.around(Node.java:137)
        at org.junit.platform.engine.support.hierarchical.NodeTestTask.lambda$executeRecursively$8(NodeTestTask.java:127)
        at org.junit.platform.engine.support.hierarchical.ThrowableCollector.execute(ThrowableCollector.java:73)
        at org.junit.platform.engine.support.hierarchical.NodeTestTask.executeRecursively(NodeTestTask.java:126)
        at org.junit.platform.engine.support.hierarchical.NodeTestTask.execute(NodeTestTask.java:84)
        at java.base/java.util.ArrayList.forEach(ArrayList.java:1510)
        at org.junit.platform.engine.support.hierarchical.SameThreadHierarchicalTestExecutorService.invokeAll(SameThreadHierarchicalTestExecutorService.java:38)
        at org.junit.platform.engine.support.hierarchical.NodeTestTask.lambda$executeRecursively$5(NodeTestTask.java:143)
        at org.junit.platform.engine.support.hierarchical.ThrowableCollector.execute(ThrowableCollector.java:73)
        at org.junit.platform.engine.support.hierarchical.NodeTestTask.lambda$executeRecursively$7(NodeTestTask.java:129)
        at org.junit.platform.engine.support.hierarchical.Node.around(Node.java:137)
        at org.junit.platform.engine.support.hierarchical.NodeTestTask.lambda$executeRecursively$8(NodeTestTask.java:127)
        at org.junit.platform.engine.support.hierarchical.ThrowableCollector.execute(ThrowableCollector.java:73)
        at org.junit.platform.engine.support.hierarchical.NodeTestTask.executeRecursively(NodeTestTask.java:126)
        at org.junit.platform.engine.support.hierarchical.NodeTestTask.execute(NodeTestTask.java:84)
        at org.junit.platform.engine.support.hierarchical.SameThreadHierarchicalTestExecutorService.submit(SameThreadHierarchicalTestExecutorService.java:32)
        at org.junit.platform.engine.support.hierarchical.HierarchicalTestExecutor.execute(HierarchicalTestExecutor.java:57)
        at org.junit.platform.engine.support.hierarchical.HierarchicalTestEngine.execute(HierarchicalTestEngine.java:51)
        at org.junit.platform.launcher.core.EngineExecutionOrchestrator.execute(EngineExecutionOrchestrator.java:107)
        at org.junit.platform.launcher.core.EngineExecutionOrchestrator.execute(EngineExecutionOrchestrator.java:87)
        at org.junit.platform.launcher.core.EngineExecutionOrchestrator.lambda$execute$0(EngineExecutionOrchestrator.java:53)
        at org.junit.platform.launcher.core.EngineExecutionOrchestrator.withInterceptedStreams(EngineExecutionOrchestrator.java:66)
        at org.junit.platform.launcher.core.EngineExecutionOrchestrator.execute(EngineExecutionOrchestrator.java:51)
        at org.junit.platform.launcher.core.DefaultLauncher.execute(DefaultLauncher.java:87)
        at org.junit.platform.launcher.core.DefaultLauncher.execute(DefaultLauncher.java:66)
        at org.gradle.api.internal.tasks.testing.junitplatform.JUnitPlatformTestClassProcessor$CollectAllTestClassesExecutor.processAllTestClasses(JUnitPlatformTestClassProcessor.java:99)
        at org.gradle.api.internal.tasks.testing.junitplatform.JUnitPlatformTestClassProcessor$CollectAllTestClassesExecutor.access$000(JUnitPlatformTestClassProcessor.java:79)
        at org.gradle.api.internal.tasks.testing.junitplatform.JUnitPlatformTestClassProcessor.stop(JUnitPlatformTestClassProcessor.java:75)
        at org.gradle.api.internal.tasks.testing.SuiteTestClassProcessor.stop(SuiteTestClassProcessor.java:61)
        at java.base/jdk.internal.reflect.NativeMethodAccessorImpl.invoke0(Native Method)
        at java.base/jdk.internal.reflect.NativeMethodAccessorImpl.invoke(NativeMethodAccessorImpl.java:62)
        at java.base/jdk.internal.reflect.DelegatingMethodAccessorImpl.invoke(DelegatingMethodAccessorImpl.java:43)
        at java.base/java.lang.reflect.Method.invoke(Method.java:564)
        at org.gradle.internal.dispatch.ReflectionDispatch.dispatch(ReflectionDispatch.java:36)
        at org.gradle.internal.dispatch.ReflectionDispatch.dispatch(ReflectionDispatch.java:24)
        at org.gradle.internal.dispatch.ContextClassLoaderDispatch.dispatch(ContextClassLoaderDispatch.java:33)
        at org.gradle.internal.dispatch.ProxyDispatchAdapter$DispatchingInvocationHandler.invoke(ProxyDispatchAdapter.java:94)
        at com.sun.proxy.$Proxy2.stop(Unknown Source)
        at org.gradle.api.internal.tasks.testing.worker.TestWorker.stop(TestWorker.java:133)
        at java.base/jdk.internal.reflect.NativeMethodAccessorImpl.invoke0(Native Method)
        at java.base/jdk.internal.reflect.NativeMethodAccessorImpl.invoke(NativeMethodAccessorImpl.java:62)
        at java.base/jdk.internal.reflect.DelegatingMethodAccessorImpl.invoke(DelegatingMethodAccessorImpl.java:43)
        at java.base/java.lang.reflect.Method.invoke(Method.java:564)
        at org.gradle.internal.dispatch.ReflectionDispatch.dispatch(ReflectionDispatch.java:36)
        at org.gradle.internal.dispatch.ReflectionDispatch.dispatch(ReflectionDispatch.java:24)
        at org.gradle.internal.remote.internal.hub.MessageHubBackedObjectConnection$DispatchWrapper.dispatch(MessageHubBackedObjectConnection.java:182)
        at org.gradle.internal.remote.internal.hub.MessageHubBackedObjectConnection$DispatchWrapper.dispatch(MessageHubBackedObjectConnection.java:164)
        at org.gradle.internal.remote.internal.hub.MessageHub$Handler.run(MessageHub.java:414)
        at org.gradle.internal.concurrent.ExecutorPolicy$CatchAndRecordFailures.onExecute(ExecutorPolicy.java:64)
        at org.gradle.internal.concurrent.ManagedExecutorImpl$1.run(ManagedExecutorImpl.java:48)
        at java.base/java.util.concurrent.ThreadPoolExecutor.runWorker(ThreadPoolExecutor.java:1130)
        at java.base/java.util.concurrent.ThreadPoolExecutor$Worker.run(ThreadPoolExecutor.java:630)
        at org.gradle.internal.concurrent.ThreadFactoryImpl$ManagedThreadRunnable.run(ThreadFactoryImpl.java:56)
        at java.base/java.lang.Thread.run(Thread.java:832)

OkHttpMetricsEventListenerTest > cachedResponsesDoNotLeakMemory(WireMockServer, Path) FAILED
    java.io.IOException: Failed to delete temp directory C:\Users\Quixote\AppData\Local\Temp\junit8627245496583778051. The following paths could not be deleted (see suppressed exceptions for details): , journal
        at org.junit.jupiter.engine.extension.TempDirectory$CloseablePath.createIOExceptionWithAttachedFailures(TempDirectory.java:262)
        at org.junit.jupiter.engine.extension.TempDirectory$CloseablePath.close(TempDirectory.java:182)
        at org.junit.platform.engine.support.hierarchical.ThrowableCollector.execute(ThrowableCollector.java:73)
        at org.junit.jupiter.engine.execution.ExtensionValuesStore.closeAllStoredCloseableValues(ExtensionValuesStore.java:61)
        at org.junit.jupiter.engine.descriptor.AbstractExtensionContext.close(AbstractExtensionContext.java:73)
        at org.junit.jupiter.engine.execution.JupiterEngineExecutionContext.close(JupiterEngineExecutionContext.java:53)
        at org.junit.jupiter.engine.descriptor.JupiterTestDescriptor.cleanUp(JupiterTestDescriptor.java:222)
        at org.junit.jupiter.engine.descriptor.JupiterTestDescriptor.cleanUp(JupiterTestDescriptor.java:57)
        at org.junit.platform.engine.support.hierarchical.NodeTestTask.lambda$cleanUp$9(NodeTestTask.java:155)
        at org.junit.platform.engine.support.hierarchical.ThrowableCollector.execute(ThrowableCollector.java:73)
        at org.junit.platform.engine.support.hierarchical.NodeTestTask.cleanUp(NodeTestTask.java:155)
        at org.junit.platform.engine.support.hierarchical.NodeTestTask.execute(NodeTestTask.java:87)
        at java.base/java.util.ArrayList.forEach(ArrayList.java:1510)
        at org.junit.platform.engine.support.hierarchical.SameThreadHierarchicalTestExecutorService.invokeAll(SameThreadHierarchicalTestExecutorService.java:38)
        at org.junit.platform.engine.support.hierarchical.NodeTestTask.lambda$executeRecursively$5(NodeTestTask.java:143)
        at org.junit.platform.engine.support.hierarchical.ThrowableCollector.execute(ThrowableCollector.java:73)
        at org.junit.platform.engine.support.hierarchical.NodeTestTask.lambda$executeRecursively$7(NodeTestTask.java:129)
        at org.junit.platform.engine.support.hierarchical.Node.around(Node.java:137)
        at org.junit.platform.engine.support.hierarchical.NodeTestTask.lambda$executeRecursively$8(NodeTestTask.java:127)
        at org.junit.platform.engine.support.hierarchical.ThrowableCollector.execute(ThrowableCollector.java:73)
        at org.junit.platform.engine.support.hierarchical.NodeTestTask.executeRecursively(NodeTestTask.java:126)
        at org.junit.platform.engine.support.hierarchical.NodeTestTask.execute(NodeTestTask.java:84)
        at java.base/java.util.ArrayList.forEach(ArrayList.java:1510)
        at org.junit.platform.engine.support.hierarchical.SameThreadHierarchicalTestExecutorService.invokeAll(SameThreadHierarchicalTestExecutorService.java:38)
        at org.junit.platform.engine.support.hierarchical.NodeTestTask.lambda$executeRecursively$5(NodeTestTask.java:143)
        at org.junit.platform.engine.support.hierarchical.ThrowableCollector.execute(ThrowableCollector.java:73)
        at org.junit.platform.engine.support.hierarchical.NodeTestTask.lambda$executeRecursively$7(NodeTestTask.java:129)
        at org.junit.platform.engine.support.hierarchical.Node.around(Node.java:137)
        at org.junit.platform.engine.support.hierarchical.NodeTestTask.lambda$executeRecursively$8(NodeTestTask.java:127)
        at org.junit.platform.engine.support.hierarchical.ThrowableCollector.execute(ThrowableCollector.java:73)
        at org.junit.platform.engine.support.hierarchical.NodeTestTask.executeRecursively(NodeTestTask.java:126)
        at org.junit.platform.engine.support.hierarchical.NodeTestTask.execute(NodeTestTask.java:84)
        at org.junit.platform.engine.support.hierarchical.SameThreadHierarchicalTestExecutorService.submit(SameThreadHierarchicalTestExecutorService.java:32)
        at org.junit.platform.engine.support.hierarchical.HierarchicalTestExecutor.execute(HierarchicalTestExecutor.java:57)
        at org.junit.platform.engine.support.hierarchical.HierarchicalTestEngine.execute(HierarchicalTestEngine.java:51)
        at org.junit.platform.launcher.core.EngineExecutionOrchestrator.execute(EngineExecutionOrchestrator.java:107)
        at org.junit.platform.launcher.core.EngineExecutionOrchestrator.execute(EngineExecutionOrchestrator.java:87)
        at org.junit.platform.launcher.core.EngineExecutionOrchestrator.lambda$execute$0(EngineExecutionOrchestrator.java:53)
        at org.junit.platform.launcher.core.EngineExecutionOrchestrator.withInterceptedStreams(EngineExecutionOrchestrator.java:66)
        at org.junit.platform.launcher.core.EngineExecutionOrchestrator.execute(EngineExecutionOrchestrator.java:51)
        at org.junit.platform.launcher.core.DefaultLauncher.execute(DefaultLauncher.java:87)
        at org.junit.platform.launcher.core.DefaultLauncher.execute(DefaultLauncher.java:66)
        at org.gradle.api.internal.tasks.testing.junitplatform.JUnitPlatformTestClassProcessor$CollectAllTestClassesExecutor.processAllTestClasses(JUnitPlatformTestClassProcessor.java:99)
        at org.gradle.api.internal.tasks.testing.junitplatform.JUnitPlatformTestClassProcessor$CollectAllTestClassesExecutor.access$000(JUnitPlatformTestClassProcessor.java:79)
        at org.gradle.api.internal.tasks.testing.junitplatform.JUnitPlatformTestClassProcessor.stop(JUnitPlatformTestClassProcessor.java:75)
        at org.gradle.api.internal.tasks.testing.SuiteTestClassProcessor.stop(SuiteTestClassProcessor.java:61)
        at java.base/jdk.internal.reflect.NativeMethodAccessorImpl.invoke0(Native Method)
        at java.base/jdk.internal.reflect.NativeMethodAccessorImpl.invoke(NativeMethodAccessorImpl.java:62)
        at java.base/jdk.internal.reflect.DelegatingMethodAccessorImpl.invoke(DelegatingMethodAccessorImpl.java:43)
        at java.base/java.lang.reflect.Method.invoke(Method.java:564)
        at org.gradle.internal.dispatch.ReflectionDispatch.dispatch(ReflectionDispatch.java:36)
        at org.gradle.internal.dispatch.ReflectionDispatch.dispatch(ReflectionDispatch.java:24)
        at org.gradle.internal.dispatch.ContextClassLoaderDispatch.dispatch(ContextClassLoaderDispatch.java:33)
        at org.gradle.internal.dispatch.ProxyDispatchAdapter$DispatchingInvocationHandler.invoke(ProxyDispatchAdapter.java:94)
        at com.sun.proxy.$Proxy2.stop(Unknown Source)
        at org.gradle.api.internal.tasks.testing.worker.TestWorker.stop(TestWorker.java:133)
        at java.base/jdk.internal.reflect.NativeMethodAccessorImpl.invoke0(Native Method)
        at java.base/jdk.internal.reflect.NativeMethodAccessorImpl.invoke(NativeMethodAccessorImpl.java:62)
        at java.base/jdk.internal.reflect.DelegatingMethodAccessorImpl.invoke(DelegatingMethodAccessorImpl.java:43)
        at java.base/java.lang.reflect.Method.invoke(Method.java:564)
        at org.gradle.internal.dispatch.ReflectionDispatch.dispatch(ReflectionDispatch.java:36)
        at org.gradle.internal.dispatch.ReflectionDispatch.dispatch(ReflectionDispatch.java:24)
        at org.gradle.internal.remote.internal.hub.MessageHubBackedObjectConnection$DispatchWrapper.dispatch(MessageHubBackedObjectConnection.java:182)
        at org.gradle.internal.remote.internal.hub.MessageHubBackedObjectConnection$DispatchWrapper.dispatch(MessageHubBackedObjectConnection.java:164)
        at org.gradle.internal.remote.internal.hub.MessageHub$Handler.run(MessageHub.java:414)
        at org.gradle.internal.concurrent.ExecutorPolicy$CatchAndRecordFailures.onExecute(ExecutorPolicy.java:64)
        at org.gradle.internal.concurrent.ManagedExecutorImpl$1.run(ManagedExecutorImpl.java:48)
        at java.base/java.util.concurrent.ThreadPoolExecutor.runWorker(ThreadPoolExecutor.java:1130)
        at java.base/java.util.concurrent.ThreadPoolExecutor$Worker.run(ThreadPoolExecutor.java:630)
        at org.gradle.internal.concurrent.ThreadFactoryImpl$ManagedThreadRunnable.run(ThreadFactoryImpl.java:56)
        at java.base/java.lang.Thread.run(Thread.java:832)

> Task :micrometer-core:test FAILED

Deprecated Gradle features were used in this build, making it incompatible with Gradle 7.0.
Use '--warning-mode all' to show the individual deprecation warnings.
See https://docs.gradle.org/6.5.1/userguide/command_line_interface.html#sec:command_line_warnings
41 actionable tasks: 3 executed, 38 up-to-date
